[debug] ----------------------------------------------------------------------
[debug] Command:      /home/ubuntu/.nvm/versions/node/v4.6.1/bin/node /home/ubuntu/.nvm/versions/node/v4.6.1/bin/firebase serve --debug
[debug] CLI Version:  3.6.1
[debug] Platform:     linux
[debug] Node Version: v4.6.1
[debug] Time:         Sat Apr 22 2017 17:05:18 GMT+0000 (UTC)
[debug] ----------------------------------------------------------------------
[debug] 
[debug] > command requires scopes: ["email","openid","https://www.googleapis.com/auth/cloudplatformprojects.readonly","https://www.googleapis.com/auth/firebase","https://www.googleapis.com/auth/cloud-platform"]
[debug] > refreshing access token with scopes: ["email","https://www.googleapis.com/auth/cloud-platform","https://www.googleapis.com/auth/cloudplatformprojects.readonly","https://www.googleapis.com/auth/firebase","openid"]
[debug] >>> HTTP REQUEST POST https://www.googleapis.com/oauth2/v3/token { refresh_token: '1/QUk-M4r_InO322PLnW9BpNEi9D-o_gswas_j_mgko-w',
  client_id: '563584335869-fgrhgmd47bqnekij5i8b5pr03ho849e6.apps.googleusercontent.com',
  client_secret: 'j9iVZfS8kkCEFUPaAeJV0sAi',
  grant_type: 'refresh_token',
  scope: 'email https://www.googleapis.com/auth/cloud-platform https://www.googleapis.com/auth/cloudplatformprojects.readonly https://www.googleapis.com/auth/firebase openid' } 
 Sat Apr 22 2017 17:05:18 GMT+0000 (UTC)
[debug] <<< HTTP RESPONSE 200
[debug] >>> HTTP REQUEST GET https://admin.firebase.com/v1/projects/iscap-2127e  
 Sat Apr 22 2017 17:05:18 GMT+0000 (UTC)
[debug] <<< HTTP RESPONSE 200
[debug] >>> HTTP REQUEST GET https://admin.firebase.com/v1/database/iscap-2127e/tokens  
 Sat Apr 22 2017 17:05:18 GMT+0000 (UTC)
[debug] <<< HTTP RESPONSE 200
[info] Starting Firebase development server...
[info] 
[info] Project Directory: /home/ubuntu/workspace
[debug] >>> HTTP REQUEST GET https://cloudresourcemanager.googleapis.com/v1/projects/iscap-2127e  
 Sat Apr 22 2017 17:05:18 GMT+0000 (UTC)
[debug] <<< HTTP RESPONSE 200
[debug] >>> HTTP REQUEST GET https://mobilesdk-pa.googleapis.com/v1/projects/802032967576/clients/_:getWebAppConfig  
 Sat Apr 22 2017 17:05:18 GMT+0000 (UTC)
[debug] <<< HTTP RESPONSE 200
[debug] TypeError: Cannot read property 'public' of undefined
    at Server.<anonymous> (/home/ubuntu/.nvm/versions/node/v4.6.1/lib/node_modules/firebase-tools/commands/serve.js:37:17)
    at Server.g (events.js:260:16)
    at emitNone (events.js:67:13)
    at Server.emit (events.js:166:7)
    at emitListeningNT (net.js:1276:10)
    at nextTickCallbackWith1Arg (node.js:431:9)
    at process._tickCallback (node.js:353:17)
[error] 
[error] Error: An unexpected error has occurred.
